{
"contracts\\Raffle.sol":{"l":{"55":0,"56":0,"57":0,"58":0,"59":0,"60":0,"61":0,"62":0,"67":0,"68":0,"70":0,"71":0,"74":0,"75":0,"89":0,"90":0,"91":0,"92":0,"93":0,"99":0,"101":0,"102":0,"105":0,"107":0,"115":0,"125":0,"126":0,"127":0,"128":0,"129":0,"131":0,"133":0,"134":0,"137":0,"138":0,"143":0,"147":0,"151":0,"155":0,"159":0,"163":0,"167":0,"171":0,"175":0},"path":"C:\\Users\\User\\Documents\\GitHub\\My-Solidity-Learning-Repo\\08. Hardhat Smart Contract Lottery\\hardhat-smart-contract-lottery\\contracts\\Raffle.sol","s":{"1":0,"2":0,"3":0,"4":0,"5":0,"6":0,"7":0,"8":0,"9":0,"10":0,"11":0,"12":0,"13":0,"14":0,"15":0,"16":0,"17":0,"18":0,"19":0,"20":0,"21":0,"22":0,"23":0,"24":0,"25":0,"26":0},"b":{"1":[0,0],"2":[0,0],"3":[0,0],"4":[0,0]},"f":{"1":0,"2":0,"3":0,"4":0,"5":0,"6":0,"7":0,"8":0,"9":0,"10":0,"11":0,"12":0,"13":0,"14":0},"fnMap":{"1":{"name":"constructor","line":54,"loc":{"start":{"line":47,"column":4},"end":{"line":63,"column":4}}},"2":{"name":"enterRaffle","line":66,"loc":{"start":{"line":66,"column":4},"end":{"line":76,"column":4}}},"3":{"name":"checkUpkeep","line":78,"loc":{"start":{"line":78,"column":4},"end":{"line":94,"column":8}}},"4":{"name":"performUpkeep","line":96,"loc":{"start":{"line":96,"column":4},"end":{"line":116,"column":4}}},"5":{"name":"fulfillRandomWords","line":118,"loc":{"start":{"line":118,"column":4},"end":{"line":139,"column":8}}},"6":{"name":"getEntranceFee","line":142,"loc":{"start":{"line":142,"column":4},"end":{"line":144,"column":4}}},"7":{"name":"getPlayer","line":146,"loc":{"start":{"line":146,"column":4},"end":{"line":148,"column":4}}},"8":{"name":"getRecentWinner","line":150,"loc":{"start":{"line":150,"column":4},"end":{"line":152,"column":4}}},"9":{"name":"getLastTimeStamp","line":154,"loc":{"start":{"line":154,"column":4},"end":{"line":156,"column":4}}},"10":{"name":"getNumberOfPlayers","line":158,"loc":{"start":{"line":158,"column":4},"end":{"line":160,"column":4}}},"11":{"name":"getInterval","line":162,"loc":{"start":{"line":162,"column":4},"end":{"line":164,"column":4}}},"12":{"name":"getRaffleState","line":166,"loc":{"start":{"line":166,"column":4},"end":{"line":168,"column":4}}},"13":{"name":"getRequestConfirmations","line":170,"loc":{"start":{"line":170,"column":4},"end":{"line":172,"column":4}}},"14":{"name":"getNumWords","line":174,"loc":{"start":{"line":174,"column":4},"end":{"line":176,"column":4}}}},"statementMap":{"1":{"start":{"line":67,"column":8},"end":{"line":67,"column":2368}},"2":{"start":{"line":70,"column":8},"end":{"line":70,"column":2472}},"3":{"start":{"line":74,"column":8},"end":{"line":74,"column":42}},"4":{"start":{"line":75,"column":8},"end":{"line":75,"column":36}},"5":{"start":{"line":89,"column":12},"end":{"line":89,"column":61}},"6":{"start":{"line":90,"column":12},"end":{"line":90,"column":80}},"7":{"start":{"line":91,"column":12},"end":{"line":91,"column":52}},"8":{"start":{"line":92,"column":12},"end":{"line":92,"column":55}},"9":{"start":{"line":99,"column":8},"end":{"line":99,"column":47}},"10":{"start":{"line":101,"column":8},"end":{"line":101,"column":3409}},"11":{"start":{"line":107,"column":7},"end":{"line":107,"column":3613}},"12":{"start":{"line":115,"column":8},"end":{"line":115,"column":45}},"13":{"start":{"line":125,"column":12},"end":{"line":125,"column":69}},"14":{"start":{"line":126,"column":12},"end":{"line":126,"column":67}},"15":{"start":{"line":131,"column":12},"end":{"line":131,"column":82}},"16":{"start":{"line":133,"column":12},"end":{"line":133,"column":4486}},"17":{"start":{"line":138,"column":12},"end":{"line":138,"column":43}},"18":{"start":{"line":143,"column":8},"end":{"line":143,"column":28}},"19":{"start":{"line":147,"column":8},"end":{"line":147,"column":31}},"20":{"start":{"line":151,"column":8},"end":{"line":151,"column":29}},"21":{"start":{"line":155,"column":8},"end":{"line":155,"column":30}},"22":{"start":{"line":159,"column":8},"end":{"line":159,"column":31}},"23":{"start":{"line":163,"column":8},"end":{"line":163,"column":25}},"24":{"start":{"line":167,"column":8},"end":{"line":167,"column":28}},"25":{"start":{"line":171,"column":8},"end":{"line":171,"column":36}},"26":{"start":{"line":175,"column":8},"end":{"line":175,"column":24}}},"branchMap":{"1":{"line":67,"type":"if","locations":[{"start":{"line":67,"column":8},"end":{"line":67,"column":8}},{"start":{"line":67,"column":8},"end":{"line":67,"column":8}}]},"2":{"line":70,"type":"if","locations":[{"start":{"line":70,"column":8},"end":{"line":70,"column":8}},{"start":{"line":70,"column":8},"end":{"line":70,"column":8}}]},"3":{"line":101,"type":"if","locations":[{"start":{"line":101,"column":8},"end":{"line":101,"column":8}},{"start":{"line":101,"column":8},"end":{"line":101,"column":8}}]},"4":{"line":133,"type":"if","locations":[{"start":{"line":133,"column":12},"end":{"line":133,"column":12}},{"start":{"line":133,"column":12},"end":{"line":133,"column":12}}]}}},
"contracts\\test\\VRFCoordinatorV2Mock.sol":{"l":{},"path":"C:\\Users\\User\\Documents\\GitHub\\My-Solidity-Learning-Repo\\08. Hardhat Smart Contract Lottery\\hardhat-smart-contract-lottery\\contracts\\test\\VRFCoordinatorV2Mock.sol","s":{},"b":{},"f":{},"fnMap":{},"statementMap":{},"branchMap":{}}}
