TN:
SF:C:\Users\User\Documents\GitHub\My-Solidity-Learning-Repo\08. Hardhat Smart Contract Lottery\hardhat-smart-contract-lottery\contracts\Raffle.sol
FN:54,constructor
FN:66,enterRaffle
FN:78,checkUpkeep
FN:96,performUpkeep
FN:118,fulfillRandomWords
FN:142,getEntranceFee
FN:146,getPlayer
FN:150,getRecentWinner
FN:154,getLastTimeStamp
FN:158,getNumberOfPlayers
FN:162,getInterval
FN:166,getRaffleState
FN:170,getRequestConfirmations
FN:174,getNumWords
FNF:14
FNH:0
FNDA:0,constructor
FNDA:0,enterRaffle
FNDA:0,checkUpkeep
FNDA:0,performUpkeep
FNDA:0,fulfillRandomWords
FNDA:0,getEntranceFee
FNDA:0,getPlayer
FNDA:0,getRecentWinner
FNDA:0,getLastTimeStamp
FNDA:0,getNumberOfPlayers
FNDA:0,getInterval
FNDA:0,getRaffleState
FNDA:0,getRequestConfirmations
FNDA:0,getNumWords
DA:55,0
DA:56,0
DA:57,0
DA:58,0
DA:59,0
DA:60,0
DA:61,0
DA:62,0
DA:67,0
DA:68,0
DA:70,0
DA:71,0
DA:74,0
DA:75,0
DA:89,0
DA:90,0
DA:91,0
DA:92,0
DA:93,0
DA:99,0
DA:101,0
DA:102,0
DA:105,0
DA:107,0
DA:115,0
DA:125,0
DA:126,0
DA:127,0
DA:128,0
DA:129,0
DA:131,0
DA:133,0
DA:134,0
DA:137,0
DA:138,0
DA:143,0
DA:147,0
DA:151,0
DA:155,0
DA:159,0
DA:163,0
DA:167,0
DA:171,0
DA:175,0
LF:44
LH:0
BRDA:67,1,0,0
BRDA:67,1,1,0
BRDA:70,2,0,0
BRDA:70,2,1,0
BRDA:101,3,0,0
BRDA:101,3,1,0
BRDA:133,4,0,0
BRDA:133,4,1,0
BRF:8
BRH:0
end_of_record
TN:
SF:C:\Users\User\Documents\GitHub\My-Solidity-Learning-Repo\08. Hardhat Smart Contract Lottery\hardhat-smart-contract-lottery\contracts\test\VRFCoordinatorV2Mock.sol
FNF:0
FNH:0
LF:0
LH:0
BRF:0
BRH:0
end_of_record
